WARNING: We recommend using a newer Android Gradle plugin to use compileSdk = 35

This Android Gradle plugin (8.2.2) was tested up to compileSdk = 34.

You are strongly encouraged to update your project to use a newer
Android Gradle plugin that has been tested with compileSdk = 35.

If you are already using the latest version of the Android Gradle plugin,
you may need to wait until a newer version with support for compileSdk = 35 is available.

To suppress this warning, add/update
    android.suppressUnsupportedCompileSdk=35
to this project's gradle.properties.
> Task :app:preBuild UP-TO-DATE
> Task :app:preDebugBuild UP-TO-DATE
> Task :app:mergeDebugNativeDebugMetadata NO-SOURCE
> Task :app:checkKotlinGradlePluginConfigurationErrors
> Task :app:generateDebugResValues UP-TO-DATE
> Task :app:mapDebugSourceSetPaths
> Task :app:generateDebugResources UP-TO-DATE
> Task :app:checkDebugAarMetadata
> Task :app:packageDebugResources UP-TO-DATE
> Task :app:parseDebugLocalResources UP-TO-DATE
> Task :app:createDebugCompatibleScreenManifests UP-TO-DATE
> Task :app:extractDeepLinksDebug UP-TO-DATE
> Task :app:mergeDebugResources

> Task :app:processDebugMainManifest
package="com.flowdrop" found in source AndroidManifest.xml: C:\Users\jerry\OneDrive\Documents\flowdrop\android\app\src\main\AndroidManifest.xml.
Setting the namespace via the package attribute in the source AndroidManifest.xml is no longer supported, and the value is ignored.
Recommendation: remove package="com.flowdrop" from the source AndroidManifest.xml: C:\Users\jerry\OneDrive\Documents\flowdrop\android\app\src\main\AndroidManifest.xml.

> Task :app:processDebugManifest
> Task :app:javaPreCompileDebug UP-TO-DATE
> Task :app:mergeDebugShaders UP-TO-DATE
> Task :app:compileDebugShaders NO-SOURCE
> Task :app:generateDebugAssets UP-TO-DATE
> Task :app:mergeDebugAssets UP-TO-DATE
> Task :app:compressDebugAssets UP-TO-DATE
> Task :app:desugarDebugFileDependencies UP-TO-DATE
> Task :app:mergeDebugJniLibFolders UP-TO-DATE
> Task :app:mergeDebugNativeLibs UP-TO-DATE
> Task :app:stripDebugDebugSymbols UP-TO-DATE
> Task :app:validateSigningDebug UP-TO-DATE
> Task :app:writeDebugAppMetadata UP-TO-DATE
> Task :app:writeDebugSigningConfigVersions UP-TO-DATE
> Task :app:processDebugManifestForPackage
> Task :app:checkDebugDuplicateClasses
> Task :app:processDebugResources
> Task :app:mergeExtDexDebug
> Task :app:mergeLibDexDebug UP-TO-DATE

.\gradlew.bat : e: 
file:///C:/Users/jerry/OneDrive/Documents/flowdrop/android/app/src/main/java/com/flowdrop/MainActivity.kt:110:21 
Cannot find a parameter with this name: onConversationClick
At line:1 char:78
+ ... cd android; .\gradlew.bat assembleDebug --console=plain > final_build ...
+                 ~~~~~~~~~~~~~~~~~~~~~~~~~~~~~~~~~~~~~~~~~~~~~~~~~~~~~~~~~
    + CategoryInfo          : NotSpecified: (e: file:///C:/U...nversationClick:String) [], RemoteException
    + FullyQualifiedErrorId : NativeCommandError
 
e: 
file:///C:/Users/jerry/OneDrive/Documents/flowdrop/android/app/src/main/java/com/flowdrop/MainActivity.kt:110:21 
No value passed for parameter 'onNavigateToChat'
e: 
file:///C:/Users/jerry/OneDrive/Documents/flowdrop/android/app/src/main/java/com/flowdrop/MainActivity.kt:110:45 
Cannot infer a type for this parameter. Please specify it explicitly.
e: 
file:///C:/Users/jerry/OneDrive/Documents/flowdrop/android/app/src/main/java/com/flowdrop/MainActivity.kt:119:47 
No type arguments expected for fun navArgument(name: String, builder: NavArgumentBuilder.() -> Unit): 
NamedNavArgument
e: file:///C:/Users/jerry/OneDrive/Documents/flowdrop/android/app/src/main/java/com/flowdrop/core/MeshForegroundS
ervice.kt:39:56 Unresolved reference: Context
e: file:///C:/Users/jerry/OneDrive/Documents/flowdrop/android/app/src/main/java/com/flowdrop/core/MeshForegroundS
ervice.kt:57:49 Type mismatch: inferred type is String? but String was expected
e: file:///C:/Users/jerry/OneDrive/Documents/flowdrop/android/app/src/main/java/com/flowdrop/core/MeshForegroundS
ervice.kt:79:18 Unresolved reference: shutdownEngine
> Task :app:compileDebugKotlin

> Task :app:compileDebugKotlin FAILED

FAILURE: Build failed with an exception.

* What went wrong:
Execution failed for task ':app:compileDebugKotlin'.
> A failure occurred while executing 
org.jetbrains.kotlin.compilerRunner.GradleCompilerRunnerWithWorkers$GradleKotlinCompilerWorkAction
   > Compilation error. See log for more details

* Try:
> Run with --stacktrace option to get the stack trace.
> Run with --info or --debug option to get more log output.
> Run with --scan to get full insights.
> Get more help at https://help.gradle.org.

BUILD FAILED in 1m 59s
28 actionable tasks: 11 executed, 17 up-to-date
